<?xml version="1.0" encoding="UTF-8" ?>
<testsuite failures="0" time="0.157" errors="4" skipped="0" tests="5" name="uk.ac.manchester.cs.img.myfancytool.taverna.ExampleActivityTest">
  <properties>
    <property name="java.runtime.name" value="Java(TM) SE Runtime Environment"/>
    <property name="sun.boot.library.path" value="/System/Library/Java/JavaVirtualMachines/1.6.0.jdk/Contents/Libraries"/>
    <property name="java.vm.version" value="17.1-b03-307"/>
    <property name="awt.nativeDoubleBuffering" value="true"/>
    <property name="gopherProxySet" value="false"/>
    <property name="mrj.build" value="10M3261"/>
    <property name="java.vm.vendor" value="Apple Inc."/>
    <property name="java.vendor.url" value="http://www.apple.com/"/>
    <property name="path.separator" value=":"/>
    <property name="java.vm.name" value="Java HotSpot(TM) 64-Bit Server VM"/>
    <property name="file.encoding.pkg" value="sun.io"/>
    <property name="user.country" value="US"/>
    <property name="sun.java.launcher" value="SUN_STANDARD"/>
    <property name="sun.os.patch.level" value="unknown"/>
    <property name="java.vm.specification.name" value="Java Virtual Machine Specification"/>
    <property name="user.dir" value="/Users/jren/Documents/workspace_good/myfancytool-taverna/example-activity"/>
    <property name="java.runtime.version" value="1.6.0_22-b04-307-10M3261"/>
    <property name="java.awt.graphicsenv" value="apple.awt.CGraphicsEnvironment"/>
    <property name="basedir" value="/Users/jren/Documents/workspace_good/myfancytool-taverna/example-activity"/>
    <property name="java.endorsed.dirs" value="/System/Library/Java/JavaVirtualMachines/1.6.0.jdk/Contents/Home/lib/endorsed"/>
    <property name="os.arch" value="x86_64"/>
    <property name="surefire.real.class.path" value="/var/folders/ZX/ZXO9oLk5EWq4b7fmJUNN4++++TM/-Tmp-/surefirebooter8057711835239478542.jar"/>
    <property name="java.io.tmpdir" value="/var/folders/ZX/ZXO9oLk5EWq4b7fmJUNN4++++TM/-Tmp-/"/>
    <property name="line.separator" value="
"/>
    <property name="java.vm.specification.vendor" value="Sun Microsystems Inc."/>
    <property name="os.name" value="Mac OS X"/>
    <property name="sun.jnu.encoding" value="MacRoman"/>
    <property name="java.library.path" value=".:/Library/Java/Extensions:/System/Library/Java/Extensions:/usr/lib/java"/>
    <property name="surefire.test.class.path" value="/Users/jren/Documents/workspace_good/myfancytool-taverna/example-activity/target/test-classes:/Users/jren/Documents/workspace_good/myfancytool-taverna/example-activity/target/classes:/Users/jren/.m2/repository/net/sf/taverna/t2/core/workflowmodel-api/1.2/workflowmodel-api-1.2.jar:/Users/jren/.m2/repository/net/sf/taverna/t2/core/reference-api/1.2/reference-api-1.2.jar:/Users/jren/.m2/repository/org/springframework/spring-tx/2.5.4/spring-tx-2.5.4.jar:/Users/jren/.m2/repository/commons-logging/commons-logging/1.1.1/commons-logging-1.1.1.jar:/Users/jren/.m2/repository/org/springframework/spring-beans/2.5.4/spring-beans-2.5.4.jar:/Users/jren/.m2/repository/org/springframework/spring-core/2.5.4/spring-core-2.5.4.jar:/Users/jren/.m2/repository/org/springframework/spring-context/2.5.4/spring-context-2.5.4.jar:/Users/jren/.m2/repository/aopalliance/aopalliance/1.0/aopalliance-1.0.jar:/Users/jren/.m2/repository/net/sf/taverna/t2/infrastructure/spi-discovery-api/2.2/spi-discovery-api-2.2.jar:/Users/jren/.m2/repository/net/sf/taverna/t2/lang/observer/1.1/observer-1.1.jar:/Users/jren/.m2/repository/log4j/log4j/1.2.13/log4j-1.2.13.jar:/Users/jren/.m2/repository/net/sf/taverna/t2/infrastructure/raven/2.2/raven-2.2.jar:/Users/jren/.m2/repository/net/sf/taverna/t2/infrastructure/raven-log4j/2.2/raven-log4j-2.2.jar:/Users/jren/.m2/repository/net/sf/taverna/t2/infrastructure/appconfig/2.2/appconfig-2.2.jar:/Users/jren/.m2/repository/net/sf/taverna/t2/infrastructure/launcher-api/2.2/launcher-api-2.2.jar:/Users/jren/.m2/repository/net/sf/taverna/t2/infrastructure/prelauncher/2.2/prelauncher-2.2.jar:/Users/jren/.m2/repository/jdom/jdom/1.0/jdom-1.0.jar:/Users/jren/.m2/repository/net/sf/taverna/t2/activities/activity-test-utils/1.2/activity-test-utils-1.2.jar:/Users/jren/.m2/repository/net/sf/taverna/t2/core/workflowmodel-impl/1.2/workflowmodel-impl-1.2.jar:/Users/jren/.m2/repository/com/thoughtworks/xstream/xstream/1.2.1/xstream-1.2.1.jar:/Users/jren/.m2/repository/xpp3/xpp3_min/1.1.3.4.O/xpp3_min-1.1.3.4.O.jar:/Users/jren/.m2/repository/net/sf/taverna/t2/core/reference-impl/1.2/reference-impl-1.2.jar:/Users/jren/.m2/repository/org/hibernate/hibernate/3.2.5.ga.raven/hibernate-3.2.5.ga.raven.jar:/Users/jren/.m2/repository/dom4j/dom4j/1.6.1/dom4j-1.6.1.jar:/Users/jren/.m2/repository/cglib/cglib/2.1_3/cglib-2.1_3.jar:/Users/jren/.m2/repository/asm/asm/1.5.3/asm-1.5.3.jar:/Users/jren/.m2/repository/commons-collections/commons-collections/2.1.1/commons-collections-2.1.1.jar:/Users/jren/.m2/repository/geronimo-spec/geronimo-spec-jta/1.0-M1/geronimo-spec-jta-1.0-M1.jar:/Users/jren/.m2/repository/org/springframework/spring-orm/2.5.4/spring-orm-2.5.4.jar:/Users/jren/.m2/repository/org/springframework/spring-aop/2.5.4/spring-aop-2.5.4.jar:/Users/jren/.m2/repository/org/springframework/spring-jdbc/2.5.4/spring-jdbc-2.5.4.jar:/Users/jren/.m2/repository/org/aspectj/aspectjrt/1.6.0/aspectjrt-1.6.0.jar:/Users/jren/.m2/repository/org/aspectj/aspectjweaver/1.6.0/aspectjweaver-1.6.0.jar:/Users/jren/.m2/repository/antlr/antlr/2.7.7/antlr-2.7.7.jar:/Users/jren/.m2/repository/net/sf/taverna/t2/core/reference-core-extensions/1.2/reference-core-extensions-1.2.jar:/Users/jren/.m2/repository/commons-httpclient/commons-httpclient/3.1/commons-httpclient-3.1.jar:/Users/jren/.m2/repository/commons-codec/commons-codec/1.2/commons-codec-1.2.jar:/Users/jren/.m2/repository/junit/junit/4.4/junit-4.4.jar:"/>
    <property name="java.specification.name" value="Java Platform API Specification"/>
    <property name="java.class.version" value="50.0"/>
    <property name="sun.management.compiler" value="HotSpot 64-Bit Server Compiler"/>
    <property name="os.version" value="10.6.5"/>
    <property name="user.home" value="/Users/jren"/>
    <property name="user.timezone" value=""/>
    <property name="java.awt.printerjob" value="apple.awt.CPrinterJob"/>
    <property name="java.specification.version" value="1.6"/>
    <property name="file.encoding" value="MacRoman"/>
    <property name="user.name" value="jren"/>
    <property name="java.class.path" value="/Users/jren/Documents/workspace_good/myfancytool-taverna/example-activity/target/test-classes:/Users/jren/Documents/workspace_good/myfancytool-taverna/example-activity/target/classes:/Users/jren/.m2/repository/net/sf/taverna/t2/core/workflowmodel-api/1.2/workflowmodel-api-1.2.jar:/Users/jren/.m2/repository/net/sf/taverna/t2/core/reference-api/1.2/reference-api-1.2.jar:/Users/jren/.m2/repository/org/springframework/spring-tx/2.5.4/spring-tx-2.5.4.jar:/Users/jren/.m2/repository/commons-logging/commons-logging/1.1.1/commons-logging-1.1.1.jar:/Users/jren/.m2/repository/org/springframework/spring-beans/2.5.4/spring-beans-2.5.4.jar:/Users/jren/.m2/repository/org/springframework/spring-core/2.5.4/spring-core-2.5.4.jar:/Users/jren/.m2/repository/org/springframework/spring-context/2.5.4/spring-context-2.5.4.jar:/Users/jren/.m2/repository/aopalliance/aopalliance/1.0/aopalliance-1.0.jar:/Users/jren/.m2/repository/net/sf/taverna/t2/infrastructure/spi-discovery-api/2.2/spi-discovery-api-2.2.jar:/Users/jren/.m2/repository/net/sf/taverna/t2/lang/observer/1.1/observer-1.1.jar:/Users/jren/.m2/repository/log4j/log4j/1.2.13/log4j-1.2.13.jar:/Users/jren/.m2/repository/net/sf/taverna/t2/infrastructure/raven/2.2/raven-2.2.jar:/Users/jren/.m2/repository/net/sf/taverna/t2/infrastructure/raven-log4j/2.2/raven-log4j-2.2.jar:/Users/jren/.m2/repository/net/sf/taverna/t2/infrastructure/appconfig/2.2/appconfig-2.2.jar:/Users/jren/.m2/repository/net/sf/taverna/t2/infrastructure/launcher-api/2.2/launcher-api-2.2.jar:/Users/jren/.m2/repository/net/sf/taverna/t2/infrastructure/prelauncher/2.2/prelauncher-2.2.jar:/Users/jren/.m2/repository/jdom/jdom/1.0/jdom-1.0.jar:/Users/jren/.m2/repository/net/sf/taverna/t2/activities/activity-test-utils/1.2/activity-test-utils-1.2.jar:/Users/jren/.m2/repository/net/sf/taverna/t2/core/workflowmodel-impl/1.2/workflowmodel-impl-1.2.jar:/Users/jren/.m2/repository/com/thoughtworks/xstream/xstream/1.2.1/xstream-1.2.1.jar:/Users/jren/.m2/repository/xpp3/xpp3_min/1.1.3.4.O/xpp3_min-1.1.3.4.O.jar:/Users/jren/.m2/repository/net/sf/taverna/t2/core/reference-impl/1.2/reference-impl-1.2.jar:/Users/jren/.m2/repository/org/hibernate/hibernate/3.2.5.ga.raven/hibernate-3.2.5.ga.raven.jar:/Users/jren/.m2/repository/dom4j/dom4j/1.6.1/dom4j-1.6.1.jar:/Users/jren/.m2/repository/cglib/cglib/2.1_3/cglib-2.1_3.jar:/Users/jren/.m2/repository/asm/asm/1.5.3/asm-1.5.3.jar:/Users/jren/.m2/repository/commons-collections/commons-collections/2.1.1/commons-collections-2.1.1.jar:/Users/jren/.m2/repository/geronimo-spec/geronimo-spec-jta/1.0-M1/geronimo-spec-jta-1.0-M1.jar:/Users/jren/.m2/repository/org/springframework/spring-orm/2.5.4/spring-orm-2.5.4.jar:/Users/jren/.m2/repository/org/springframework/spring-aop/2.5.4/spring-aop-2.5.4.jar:/Users/jren/.m2/repository/org/springframework/spring-jdbc/2.5.4/spring-jdbc-2.5.4.jar:/Users/jren/.m2/repository/org/aspectj/aspectjrt/1.6.0/aspectjrt-1.6.0.jar:/Users/jren/.m2/repository/org/aspectj/aspectjweaver/1.6.0/aspectjweaver-1.6.0.jar:/Users/jren/.m2/repository/antlr/antlr/2.7.7/antlr-2.7.7.jar:/Users/jren/.m2/repository/net/sf/taverna/t2/core/reference-core-extensions/1.2/reference-core-extensions-1.2.jar:/Users/jren/.m2/repository/commons-httpclient/commons-httpclient/3.1/commons-httpclient-3.1.jar:/Users/jren/.m2/repository/commons-codec/commons-codec/1.2/commons-codec-1.2.jar:/Users/jren/.m2/repository/junit/junit/4.4/junit-4.4.jar:"/>
    <property name="java.vm.specification.version" value="1.0"/>
    <property name="sun.arch.data.model" value="64"/>
    <property name="java.home" value="/System/Library/Java/JavaVirtualMachines/1.6.0.jdk/Contents/Home"/>
    <property name="java.specification.vendor" value="Sun Microsystems Inc."/>
    <property name="user.language" value="en"/>
    <property name="awt.toolkit" value="apple.awt.CToolkit"/>
    <property name="java.vm.info" value="mixed mode"/>
    <property name="java.version" value="1.6.0_22"/>
    <property name="java.ext.dirs" value="/Library/Java/Extensions:/System/Library/Java/Extensions:/System/Library/Java/JavaVirtualMachines/1.6.0.jdk/Contents/Home/lib/ext"/>
    <property name="sun.boot.class.path" value="/System/Library/Java/JavaVirtualMachines/1.6.0.jdk/Contents/Classes/jsfd.jar:/System/Library/Java/JavaVirtualMachines/1.6.0.jdk/Contents/Classes/classes.jar:/System/Library/Frameworks/JavaVM.framework/Frameworks/JavaRuntimeSupport.framework/Resources/Java/JavaRuntimeSupport.jar:/System/Library/Java/JavaVirtualMachines/1.6.0.jdk/Contents/Classes/ui.jar:/System/Library/Java/JavaVirtualMachines/1.6.0.jdk/Contents/Classes/laf.jar:/System/Library/Java/JavaVirtualMachines/1.6.0.jdk/Contents/Classes/sunrsasign.jar:/System/Library/Java/JavaVirtualMachines/1.6.0.jdk/Contents/Classes/jsse.jar:/System/Library/Java/JavaVirtualMachines/1.6.0.jdk/Contents/Classes/jce.jar:/System/Library/Java/JavaVirtualMachines/1.6.0.jdk/Contents/Classes/charsets.jar"/>
    <property name="java.vendor" value="Apple Inc."/>
    <property name="java.awt.headless" value="true"/>
    <property name="localRepository" value="/Users/jren/.m2/repository"/>
    <property name="file.separator" value="/"/>
    <property name="java.vendor.url.bug" value="http://bugreport.apple.com/"/>
    <property name="sun.cpu.endian" value="little"/>
    <property name="sun.io.unicode.encoding" value="UnicodeLittle"/>
    <property name="mrj.version" value="1060.1.6.0_22-307"/>
    <property name="sun.cpu.isalist" value=""/>
  </properties>
  <testcase time="0.033" classname="uk.ac.manchester.cs.img.myfancytool.taverna.ExampleActivityTest" name="invalidConfiguration"/>
  <testcase time="0.004" classname="uk.ac.manchester.cs.img.myfancytool.taverna.ExampleActivityTest" name="executeAsynch">
    <error message="String index out of range: -1" type="java.lang.StringIndexOutOfBoundsException">java.lang.StringIndexOutOfBoundsException: String index out of range: -1
	at java.lang.String.substring(String.java:1937)
	at uk.ac.manchester.cs.img.myfancytool.taverna.ExampleActivity.configure(ExampleActivity.java:103)
	at uk.ac.manchester.cs.img.myfancytool.taverna.ExampleActivityTest.executeAsynch(ExampleActivityTest.java:45)
	at sun.reflect.NativeMethodAccessorImpl.invoke0(Native Method)
	at sun.reflect.NativeMethodAccessorImpl.invoke(NativeMethodAccessorImpl.java:39)
	at sun.reflect.DelegatingMethodAccessorImpl.invoke(DelegatingMethodAccessorImpl.java:25)
	at java.lang.reflect.Method.invoke(Method.java:597)
	at org.junit.internal.runners.TestMethod.invoke(TestMethod.java:59)
	at org.junit.internal.runners.MethodRoadie.runTestMethod(MethodRoadie.java:98)
	at org.junit.internal.runners.MethodRoadie$2.run(MethodRoadie.java:79)
	at org.junit.internal.runners.MethodRoadie.runBeforesThenTestThenAfters(MethodRoadie.java:87)
	at org.junit.internal.runners.MethodRoadie.runTest(MethodRoadie.java:77)
	at org.junit.internal.runners.MethodRoadie.run(MethodRoadie.java:42)
	at org.junit.internal.runners.JUnit4ClassRunner.invokeTestMethod(JUnit4ClassRunner.java:88)
	at org.junit.internal.runners.JUnit4ClassRunner.runMethods(JUnit4ClassRunner.java:51)
	at org.junit.internal.runners.JUnit4ClassRunner$1.run(JUnit4ClassRunner.java:44)
	at org.junit.internal.runners.ClassRoadie.runUnprotected(ClassRoadie.java:27)
	at org.junit.internal.runners.ClassRoadie.runProtected(ClassRoadie.java:37)
	at org.junit.internal.runners.JUnit4ClassRunner.run(JUnit4ClassRunner.java:42)
	at org.apache.maven.surefire.junit4.JUnit4TestSet.execute(JUnit4TestSet.java:62)
	at org.apache.maven.surefire.suite.AbstractDirectoryTestSuite.executeTestSet(AbstractDirectoryTestSuite.java:140)
	at org.apache.maven.surefire.suite.AbstractDirectoryTestSuite.execute(AbstractDirectoryTestSuite.java:127)
	at org.apache.maven.surefire.Surefire.run(Surefire.java:177)
	at sun.reflect.NativeMethodAccessorImpl.invoke0(Native Method)
	at sun.reflect.NativeMethodAccessorImpl.invoke(NativeMethodAccessorImpl.java:39)
	at sun.reflect.DelegatingMethodAccessorImpl.invoke(DelegatingMethodAccessorImpl.java:25)
	at java.lang.reflect.Method.invoke(Method.java:597)
	at org.apache.maven.surefire.booter.SurefireBooter.runSuitesInProcess(SurefireBooter.java:345)
	at org.apache.maven.surefire.booter.SurefireBooter.main(SurefireBooter.java:1009)
</error>
  </testcase>
  <testcase time="0.014" classname="uk.ac.manchester.cs.img.myfancytool.taverna.ExampleActivityTest" name="reConfiguredActivity">
    <error message="String index out of range: -1" type="java.lang.StringIndexOutOfBoundsException">java.lang.StringIndexOutOfBoundsException: String index out of range: -1
	at java.lang.String.substring(String.java:1937)
	at uk.ac.manchester.cs.img.myfancytool.taverna.ExampleActivity.configure(ExampleActivity.java:103)
	at uk.ac.manchester.cs.img.myfancytool.taverna.ExampleActivityTest.reConfiguredActivity(ExampleActivityTest.java:69)
	at sun.reflect.NativeMethodAccessorImpl.invoke0(Native Method)
	at sun.reflect.NativeMethodAccessorImpl.invoke(NativeMethodAccessorImpl.java:39)
	at sun.reflect.DelegatingMethodAccessorImpl.invoke(DelegatingMethodAccessorImpl.java:25)
	at java.lang.reflect.Method.invoke(Method.java:597)
	at org.junit.internal.runners.TestMethod.invoke(TestMethod.java:59)
	at org.junit.internal.runners.MethodRoadie.runTestMethod(MethodRoadie.java:98)
	at org.junit.internal.runners.MethodRoadie$2.run(MethodRoadie.java:79)
	at org.junit.internal.runners.MethodRoadie.runBeforesThenTestThenAfters(MethodRoadie.java:87)
	at org.junit.internal.runners.MethodRoadie.runTest(MethodRoadie.java:77)
	at org.junit.internal.runners.MethodRoadie.run(MethodRoadie.java:42)
	at org.junit.internal.runners.JUnit4ClassRunner.invokeTestMethod(JUnit4ClassRunner.java:88)
	at org.junit.internal.runners.JUnit4ClassRunner.runMethods(JUnit4ClassRunner.java:51)
	at org.junit.internal.runners.JUnit4ClassRunner$1.run(JUnit4ClassRunner.java:44)
	at org.junit.internal.runners.ClassRoadie.runUnprotected(ClassRoadie.java:27)
	at org.junit.internal.runners.ClassRoadie.runProtected(ClassRoadie.java:37)
	at org.junit.internal.runners.JUnit4ClassRunner.run(JUnit4ClassRunner.java:42)
	at org.apache.maven.surefire.junit4.JUnit4TestSet.execute(JUnit4TestSet.java:62)
	at org.apache.maven.surefire.suite.AbstractDirectoryTestSuite.executeTestSet(AbstractDirectoryTestSuite.java:140)
	at org.apache.maven.surefire.suite.AbstractDirectoryTestSuite.execute(AbstractDirectoryTestSuite.java:127)
	at org.apache.maven.surefire.Surefire.run(Surefire.java:177)
	at sun.reflect.NativeMethodAccessorImpl.invoke0(Native Method)
	at sun.reflect.NativeMethodAccessorImpl.invoke(NativeMethodAccessorImpl.java:39)
	at sun.reflect.DelegatingMethodAccessorImpl.invoke(DelegatingMethodAccessorImpl.java:25)
	at java.lang.reflect.Method.invoke(Method.java:597)
	at org.apache.maven.surefire.booter.SurefireBooter.runSuitesInProcess(SurefireBooter.java:345)
	at org.apache.maven.surefire.booter.SurefireBooter.main(SurefireBooter.java:1009)
</error>
  </testcase>
  <testcase time="0.001" classname="uk.ac.manchester.cs.img.myfancytool.taverna.ExampleActivityTest" name="reConfiguredSpecialPorts">
    <error message="String index out of range: -1" type="java.lang.StringIndexOutOfBoundsException">java.lang.StringIndexOutOfBoundsException: String index out of range: -1
	at java.lang.String.substring(String.java:1937)
	at uk.ac.manchester.cs.img.myfancytool.taverna.ExampleActivity.configure(ExampleActivity.java:103)
	at uk.ac.manchester.cs.img.myfancytool.taverna.ExampleActivityTest.reConfiguredSpecialPorts(ExampleActivityTest.java:81)
	at sun.reflect.NativeMethodAccessorImpl.invoke0(Native Method)
	at sun.reflect.NativeMethodAccessorImpl.invoke(NativeMethodAccessorImpl.java:39)
	at sun.reflect.DelegatingMethodAccessorImpl.invoke(DelegatingMethodAccessorImpl.java:25)
	at java.lang.reflect.Method.invoke(Method.java:597)
	at org.junit.internal.runners.TestMethod.invoke(TestMethod.java:59)
	at org.junit.internal.runners.MethodRoadie.runTestMethod(MethodRoadie.java:98)
	at org.junit.internal.runners.MethodRoadie$2.run(MethodRoadie.java:79)
	at org.junit.internal.runners.MethodRoadie.runBeforesThenTestThenAfters(MethodRoadie.java:87)
	at org.junit.internal.runners.MethodRoadie.runTest(MethodRoadie.java:77)
	at org.junit.internal.runners.MethodRoadie.run(MethodRoadie.java:42)
	at org.junit.internal.runners.JUnit4ClassRunner.invokeTestMethod(JUnit4ClassRunner.java:88)
	at org.junit.internal.runners.JUnit4ClassRunner.runMethods(JUnit4ClassRunner.java:51)
	at org.junit.internal.runners.JUnit4ClassRunner$1.run(JUnit4ClassRunner.java:44)
	at org.junit.internal.runners.ClassRoadie.runUnprotected(ClassRoadie.java:27)
	at org.junit.internal.runners.ClassRoadie.runProtected(ClassRoadie.java:37)
	at org.junit.internal.runners.JUnit4ClassRunner.run(JUnit4ClassRunner.java:42)
	at org.apache.maven.surefire.junit4.JUnit4TestSet.execute(JUnit4TestSet.java:62)
	at org.apache.maven.surefire.suite.AbstractDirectoryTestSuite.executeTestSet(AbstractDirectoryTestSuite.java:140)
	at org.apache.maven.surefire.suite.AbstractDirectoryTestSuite.execute(AbstractDirectoryTestSuite.java:127)
	at org.apache.maven.surefire.Surefire.run(Surefire.java:177)
	at sun.reflect.NativeMethodAccessorImpl.invoke0(Native Method)
	at sun.reflect.NativeMethodAccessorImpl.invoke(NativeMethodAccessorImpl.java:39)
	at sun.reflect.DelegatingMethodAccessorImpl.invoke(DelegatingMethodAccessorImpl.java:25)
	at java.lang.reflect.Method.invoke(Method.java:597)
	at org.apache.maven.surefire.booter.SurefireBooter.runSuitesInProcess(SurefireBooter.java:345)
	at org.apache.maven.surefire.booter.SurefireBooter.main(SurefireBooter.java:1009)
</error>
  </testcase>
  <testcase time="0.001" classname="uk.ac.manchester.cs.img.myfancytool.taverna.ExampleActivityTest" name="configureActivity">
    <error message="String index out of range: -1" type="java.lang.StringIndexOutOfBoundsException">java.lang.StringIndexOutOfBoundsException: String index out of range: -1
	at java.lang.String.substring(String.java:1937)
	at uk.ac.manchester.cs.img.myfancytool.taverna.ExampleActivity.configure(ExampleActivity.java:103)
	at uk.ac.manchester.cs.img.myfancytool.taverna.ExampleActivityTest.configureActivity(ExampleActivityTest.java:102)
	at sun.reflect.NativeMethodAccessorImpl.invoke0(Native Method)
	at sun.reflect.NativeMethodAccessorImpl.invoke(NativeMethodAccessorImpl.java:39)
	at sun.reflect.DelegatingMethodAccessorImpl.invoke(DelegatingMethodAccessorImpl.java:25)
	at java.lang.reflect.Method.invoke(Method.java:597)
	at org.junit.internal.runners.TestMethod.invoke(TestMethod.java:59)
	at org.junit.internal.runners.MethodRoadie.runTestMethod(MethodRoadie.java:98)
	at org.junit.internal.runners.MethodRoadie$2.run(MethodRoadie.java:79)
	at org.junit.internal.runners.MethodRoadie.runBeforesThenTestThenAfters(MethodRoadie.java:87)
	at org.junit.internal.runners.MethodRoadie.runTest(MethodRoadie.java:77)
	at org.junit.internal.runners.MethodRoadie.run(MethodRoadie.java:42)
	at org.junit.internal.runners.JUnit4ClassRunner.invokeTestMethod(JUnit4ClassRunner.java:88)
	at org.junit.internal.runners.JUnit4ClassRunner.runMethods(JUnit4ClassRunner.java:51)
	at org.junit.internal.runners.JUnit4ClassRunner$1.run(JUnit4ClassRunner.java:44)
	at org.junit.internal.runners.ClassRoadie.runUnprotected(ClassRoadie.java:27)
	at org.junit.internal.runners.ClassRoadie.runProtected(ClassRoadie.java:37)
	at org.junit.internal.runners.JUnit4ClassRunner.run(JUnit4ClassRunner.java:42)
	at org.apache.maven.surefire.junit4.JUnit4TestSet.execute(JUnit4TestSet.java:62)
	at org.apache.maven.surefire.suite.AbstractDirectoryTestSuite.executeTestSet(AbstractDirectoryTestSuite.java:140)
	at org.apache.maven.surefire.suite.AbstractDirectoryTestSuite.execute(AbstractDirectoryTestSuite.java:127)
	at org.apache.maven.surefire.Surefire.run(Surefire.java:177)
	at sun.reflect.NativeMethodAccessorImpl.invoke0(Native Method)
	at sun.reflect.NativeMethodAccessorImpl.invoke(NativeMethodAccessorImpl.java:39)
	at sun.reflect.DelegatingMethodAccessorImpl.invoke(DelegatingMethodAccessorImpl.java:25)
	at java.lang.reflect.Method.invoke(Method.java:597)
	at org.apache.maven.surefire.booter.SurefireBooter.runSuitesInProcess(SurefireBooter.java:345)
	at org.apache.maven.surefire.booter.SurefireBooter.main(SurefireBooter.java:1009)
</error>
  </testcase>
</testsuite>